# JRE version: Java(TM) SE Runtime Environment (8.0_151-b12) (build 1.8.0_151-b12)
# Java VM: Java HotSpot(TM) 64-Bit Server VM (25.151-b12 mixed mode bsd-amd64 compressed oops)
Heap:
 PSYoungGen      total 252928K, used 103387K [0x0000000795580000, 0x00000007a6480000, 0x00000007c0000000)
  eden space 237056K, 43% used [0x0000000795580000,0x000000079ba76d58,0x00000007a3d00000)
  from space 15872K, 0% used [0x00000007a4d00000,0x00000007a4d00000,0x00000007a5c80000)
  to   space 16384K, 0% used [0x00000007a3d00000,0x00000007a3d00000,0x00000007a4d00000)
 ParOldGen       total 66048K, used 20802K [0x0000000740000000, 0x0000000744080000, 0x0000000795580000)
  object space 66048K, 31% used [0x0000000740000000,0x0000000741450800,0x0000000744080000)
 Metaspace       used 39291K, capacity 40784K, committed 41048K, reserved 1085440K
  class space    used 5093K, capacity 5377K, committed 5464K, reserved 1048576K
GC Heap History (10 events):
Event: 16.350 GC heap before
{Heap before GC invocations=6 (full 1):
 PSYoungGen      total 71680K, used 66560K [0x0000000795580000, 0x000000079a080000, 0x00000007c0000000)
  eden space 66560K, 100% used [0x0000000795580000,0x0000000799680000,0x0000000799680000)
  from space 5120K, 0% used [0x0000000799b80000,0x0000000799b80000,0x000000079a080000)
  to   space 5120K, 0% used [0x0000000799680000,0x0000000799680000,0x0000000799b80000)
 ParOldGen       total 51200K, used 8373K [0x0000000740000000, 0x0000000743200000, 0x0000000795580000)
  object space 51200K, 16% used [0x0000000740000000,0x000000074082d440,0x0000000743200000)
 Metaspace       used 24260K, capacity 24914K, committed 25216K, reserved 1071104K
  class space    used 3129K, capacity 3332K, committed 3456K, reserved 1048576K
Event: 16.363 GC heap after
Heap after GC invocations=6 (full 1):
 PSYoungGen      total 71680K, used 5119K [0x0000000795580000, 0x000000079e900000, 0x00000007c0000000)
  eden space 66560K, 0% used [0x0000000795580000,0x0000000795580000,0x0000000799680000)
  from space 5120K, 99% used [0x0000000799680000,0x0000000799b7ff28,0x0000000799b80000)
  to   space 11776K, 0% used [0x000000079dd80000,0x000000079dd80000,0x000000079e900000)
 ParOldGen       total 51200K, used 10966K [0x0000000740000000, 0x0000000743200000, 0x0000000795580000)
  object space 51200K, 21% used [0x0000000740000000,0x0000000740ab5b18,0x0000000743200000)
 Metaspace       used 24260K, capacity 24914K, committed 25216K, reserved 1071104K
  class space    used 3129K, capacity 3332K, committed 3456K, reserved 1048576K
}
Event: 16.947 GC heap before
{Heap before GC invocations=7 (full 1):
 PSYoungGen      total 71680K, used 71679K [0x0000000795580000, 0x000000079e900000, 0x00000007c0000000)
  eden space 66560K, 100% used [0x0000000795580000,0x0000000799680000,0x0000000799680000)
  from space 5120K, 99% used [0x0000000799680000,0x0000000799b7ff28,0x0000000799b80000)
  to   space 11776K, 0% used [0x000000079dd80000,0x000000079dd80000,0x000000079e900000)
 ParOldGen       total 51200K, used 10966K [0x0000000740000000, 0x0000000743200000, 0x0000000795580000)
  object space 51200K, 21% used [0x0000000740000000,0x0000000740ab5b18,0x0000000743200000)
 Metaspace       used 28485K, capacity 29596K, committed 29824K, reserved 1075200K
  class space    used 3693K, capacity 3943K, committed 3968K, reserved 1048576K
Event: 16.957 GC heap after
Heap after GC invocations=7 (full 1):
 PSYoungGen      total 137216K, used 8889K [0x0000000795580000, 0x000000079e800000, 0x00000007c0000000)
  eden space 126464K, 0% used [0x0000000795580000,0x0000000795580000,0x000000079d100000)
  from space 10752K, 82% used [0x000000079dd80000,0x000000079e62e430,0x000000079e800000)
  to   space 11776K, 0% used [0x000000079d100000,0x000000079d100000,0x000000079dc80000)
 ParOldGen       total 51200K, used 10974K [0x0000000740000000, 0x0000000743200000, 0x0000000795580000)
  object space 51200K, 21% used [0x0000000740000000,0x0000000740ab7b18,0x0000000743200000)
 Metaspace       used 28485K, capacity 29596K, committed 29824K, reserved 1075200K
  class space    used 3693K, capacity 3943K, committed 3968K, reserved 1048576K
}
Event: 18.363 GC heap before
{Heap before GC invocations=8 (full 1):
 PSYoungGen      total 137216K, used 135353K [0x0000000795580000, 0x000000079e800000, 0x00000007c0000000)
  eden space 126464K, 100% used [0x0000000795580000,0x000000079d100000,0x000000079d100000)
  from space 10752K, 82% used [0x000000079dd80000,0x000000079e62e430,0x000000079e800000)
  to   space 11776K, 0% used [0x000000079d100000,0x000000079d100000,0x000000079dc80000)
 ParOldGen       total 51200K, used 10974K [0x0000000740000000, 0x0000000743200000, 0x0000000795580000)
  object space 51200K, 21% used [0x0000000740000000,0x0000000740ab7b18,0x0000000743200000)
 Metaspace       used 33812K, capacity 35100K, committed 35328K, reserved 1079296K
  class space    used 4347K, capacity 4599K, committed 4608K, reserved 1048576K
Event: 18.383 GC heap after
Heap after GC invocations=8 (full 1):
 PSYoungGen      total 138240K, used 11760K [0x0000000795580000, 0x00000007a5c80000, 0x00000007c0000000)
  eden space 126464K, 0% used [0x0000000795580000,0x0000000795580000,0x000000079d100000)
  from space 11776K, 99% used [0x000000079d100000,0x000000079dc7c320,0x000000079dc80000)
  to   space 15872K, 0% used [0x00000007a4d00000,0x00000007a4d00000,0x00000007a5c80000)
 ParOldGen       total 51200K, used 15138K [0x0000000740000000, 0x0000000743200000, 0x0000000795580000)
  object space 51200K, 29% used [0x0000000740000000,0x0000000740ec8910,0x0000000743200000)
 Metaspace       used 33812K, capacity 35100K, committed 35328K, reserved 1079296K
  class space    used 4347K, capacity 4599K, committed 4608K, reserved 1048576K
}
Event: 18.436 GC heap before
{Heap before GC invocations=9 (full 1):
 PSYoungGen      total 138240K, used 21391K [0x0000000795580000, 0x00000007a5c80000, 0x00000007c0000000)
  eden space 126464K, 7% used [0x0000000795580000,0x0000000795ee7a18,0x000000079d100000)
  from space 11776K, 99% used [0x000000079d100000,0x000000079dc7c320,0x000000079dc80000)
  to   space 15872K, 0% used [0x00000007a4d00000,0x00000007a4d00000,0x00000007a5c80000)
 ParOldGen       total 51200K, used 15138K [0x0000000740000000, 0x0000000743200000, 0x0000000795580000)
  object space 51200K, 29% used [0x0000000740000000,0x0000000740ec8910,0x0000000743200000)
 Metaspace       used 34033K, capacity 35324K, committed 35416K, reserved 1079296K
  class space    used 4370K, capacity 4631K, committed 4696K, reserved 1048576K
Event: 18.449 GC heap after
Heap after GC invocations=9 (full 1):
 PSYoungGen      total 252928K, used 12492K [0x0000000795580000, 0x00000007a6480000, 0x00000007c0000000)
  eden space 237056K, 0% used [0x0000000795580000,0x0000000795580000,0x00000007a3d00000)
  from space 15872K, 78% used [0x00000007a4d00000,0x00000007a5933220,0x00000007a5c80000)
  to   space 16384K, 0% used [0x00000007a3d00000,0x00000007a3d00000,0x00000007a4d00000)
 ParOldGen       total 51200K, used 15146K [0x0000000740000000, 0x0000000743200000, 0x0000000795580000)
  object space 51200K, 29% used [0x0000000740000000,0x0000000740eca910,0x0000000743200000)
 Metaspace       used 34033K, capacity 35324K, committed 35416K, reserved 1079296K
  class space    used 4370K, capacity 4631K, committed 4696K, reserved 1048576K
}
Event: 18.449 GC heap before
{Heap before GC invocations=10 (full 2):
 PSYoungGen      total 252928K, used 12492K [0x0000000795580000, 0x00000007a6480000, 0x00000007c0000000)
  eden space 237056K, 0% used [0x0000000795580000,0x0000000795580000,0x00000007a3d00000)
  from space 15872K, 78% used [0x00000007a4d00000,0x00000007a5933220,0x00000007a5c80000)
  to   space 16384K, 0% used [0x00000007a3d00000,0x00000007a3d00000,0x00000007a4d00000)
 ParOldGen       total 51200K, used 15146K [0x0000000740000000, 0x0000000743200000, 0x0000000795580000)
  object space 51200K, 29% used [0x0000000740000000,0x0000000740eca910,0x0000000743200000)
 Metaspace       used 34033K, capacity 35324K, committed 35416K, reserved 1079296K
  class space    used 4370K, capacity 4631K, committed 4696K, reserved 1048576K
Event: 18.511 GC heap after
Heap after GC invocations=10 (full 2):
 PSYoungGen      total 252928K, used 0K [0x0000000795580000, 0x00000007a6480000, 0x00000007c0000000)
  eden space 237056K, 0% used [0x0000000795580000,0x0000000795580000,0x00000007a3d00000)
  from space 15872K, 0% used [0x00000007a4d00000,0x00000007a4d00000,0x00000007a5c80000)
  to   space 16384K, 0% used [0x00000007a3d00000,0x00000007a3d00000,0x00000007a4d00000)
 ParOldGen       total 66048K, used 20802K [0x0000000740000000, 0x0000000744080000, 0x0000000795580000)
  object space 66048K, 31% used [0x0000000740000000,0x0000000741450800,0x0000000744080000)
 Metaspace       used 34033K, capacity 35324K, committed 35416K, reserved 1079296K
  class space    used 4370K, capacity 4631K, committed 4696K, reserved 1048576K
}

